<?xml version="1.0" encoding="UTF-8"?>
<!-- Generated by org.testng.reporters.JUnitReportReporter -->
<testsuite hostname="XTEN-AV_1" failures="0" tests="2" name="automation.pageobjects.StandAloneTest" time="55.676" errors="0" timestamp="2024-05-06T23:49:30 IST" skipped="0">
  <testcase classname="automation.pageobjects.StandAloneTest" name="AloneTest" time="30.187"/>
  <system-out/>
  <testcase classname="automation.pageobjects.StandAloneTest" name="AloneTest" time="25.489"/>
  <system-out/>
</testsuite> <!-- automation.pageobjects.StandAloneTest -->
