<?xml version="1.0" encoding="UTF-8"?>
<!-- Generated by org.testng.reporters.JUnitReportReporter -->
<testsuite hostname="XTEN-AV_1" failures="0" tests="1" name="automation.pageobjects.ErrorValidationsTest" time="10.301" errors="0" timestamp="2024-05-06T23:49:30 IST" skipped="0">
  <testcase classname="automation.pageobjects.ErrorValidationsTest" name="LoginErrorValidation" time="10.301"/>
  <system-out/>
</testsuite> <!-- automation.pageobjects.ErrorValidationsTest -->
